-------------------------------------------------------------------------------
file:///home/kevinr/searchwith-0.2-fx+fl+tb.xpi  --  2006-08-14 07:40:44
-------------------------------------------------------------------------------


     Install completed successfully  --  2006-08-14 07:40:45

-------------------------------------------------------------------------------
file:///home/kevinr/tmp/lightning-0.3-tb-linux.xpi  --  2007-01-03 16:03:58
-------------------------------------------------------------------------------


     Install completed successfully  --  2007-01-03 16:03:59

-------------------------------------------------------------------------------
http://releases.mozilla.org/pub/mozilla.org/addons/2313/lightning-0.3.1-tb-linux.xpi  --  2007-05-14 12:17:33
-------------------------------------------------------------------------------


     Install completed successfully  --  2007-05-14 12:17:34

-------------------------------------------------------------------------------
http://releases.mozilla.org/pub/mozilla.org/addons/2194/searchwith-0.3-fx+fl+tb.xpi  --  2007-05-14 12:17:44
-------------------------------------------------------------------------------


     Install completed successfully  --  2007-05-14 12:17:45

-------------------------------------------------------------------------------
file:///home/kevinr/tmp/lightning-0.3.1-tb-linux.xpi  --  2007-05-14 14:02:13
-------------------------------------------------------------------------------


     Install completed successfully  --  2007-05-14 14:02:14

-------------------------------------------------------------------------------
http://releases.mozilla.org/pub/mozilla.org/addons/2313/lightning-0.5-tb-linux.xpi  --  2007-09-21 14:32:19
-------------------------------------------------------------------------------


     Install completed successfully  --  2007-09-21 14:32:20

-------------------------------------------------------------------------------
file:///home/kevinr/tmp/mime_edit__45_0.60__45_fx__43_tb.xpi  --  2007-09-21 14:41:50
-------------------------------------------------------------------------------


     Install completed successfully  --  2007-09-21 14:41:50

-------------------------------------------------------------------------------
file:///home/kevinr/download/lightning-0.5-tb-linux.xpi  --  2007-10-04 10:31:09
-------------------------------------------------------------------------------


     Install completed successfully  --  2007-10-04 10:31:09

-------------------------------------------------------------------------------
http://releases.mozilla.org/pub/mozilla.org/addons/2313/lightning-0.7-tb-linux.xpi  --  2007-11-30 15:40:32
-------------------------------------------------------------------------------


     Install completed successfully  --  2007-11-30 15:40:33

-------------------------------------------------------------------------------
file:///home/kevinr/download/lightning-0.7-tb-linux.xpi  --  2008-01-08 14:24:14
-------------------------------------------------------------------------------


     Install completed successfully  --  2008-01-08 14:24:14

-------------------------------------------------------------------------------
file:///home/kevinr/download/lightning-0.7-icedove-i686.xpi  --  2008-01-08 15:44:16
-------------------------------------------------------------------------------


     Install completed successfully  --  2008-01-08 15:44:17

