-------------------------------------------------------------------------------
http://fpdownload.macromedia.com/get/flashplayer/xpi/current/flashplayer-linux.xpi  --  2006-07-31 12:41:55
-------------------------------------------------------------------------------

     Macromedia Flash Player (version 7.0.25.0)
     -----------------------

     ** initInstall: 0
     ** plugins folder: /home/kevinr/.mozilla/firefox/8n1e0g00.default/../../plugins/
     ** addDirectory() returned: 0
     [1/3]	Create Folder: /home/kevinr/.mozilla/firefox/8n1e0g00.default/../../plugins
     [2/3]	Installing: /home/kevinr/.mozilla/firefox/8n1e0g00.default/../../plugins/flashplayer.xpt
     [3/3]	Installing: /home/kevinr/.mozilla/firefox/8n1e0g00.default/../../plugins/libflashplayer.so
     ** performInstall() returned: 0

     Install completed successfully  --  2006-07-31 12:41:55

-------------------------------------------------------------------------------
http://releases.mozilla.org/pub/mozilla.org/extensions/searchwith/searchwith-0.2-fx+fl+tb.xpi  --  2006-08-14 07:38:44
-------------------------------------------------------------------------------


     Install completed successfully  --  2006-08-14 07:38:44

-------------------------------------------------------------------------------
http://releases.mozilla.org/pub/mozilla.org/extensions/searchwith/searchwith-0.2-fx+fl+tb.xpi  --  2006-08-14 07:39:41
-------------------------------------------------------------------------------


     Install completed successfully  --  2006-08-14 07:39:41

-------------------------------------------------------------------------------
http://releases.mozilla.org/pub/mozilla.org/calendar/lightning/releases/0.1/lightning-0.1-linux.xpi  --  2007-01-03 15:55:59
-------------------------------------------------------------------------------


     Install completed successfully  --  2007-01-03 15:56:05

-------------------------------------------------------------------------------
http://releases.mozilla.org/pub/mozilla.org/addons/2194/searchwith-0.3-fx+fl+tb.xpi  --  2007-04-02 09:52:25
-------------------------------------------------------------------------------


     Install completed successfully  --  2007-04-02 09:52:25

-------------------------------------------------------------------------------
https://addons.mozilla.org/en-US/thunderbird/downloads/file/8814/lightning-0.3.1-tb-linux.xpi  --  2007-05-14 12:14:25
-------------------------------------------------------------------------------


     Install completed successfully  --  2007-05-14 12:14:44

-------------------------------------------------------------------------------
https://addons.mozilla.org/en-US/thunderbird/downloads/file/14824/mime_edit__45_0.60__45_fx__43_tb.xpi  --  2007-09-21 14:40:00
-------------------------------------------------------------------------------


     Install completed successfully  --  2007-09-21 14:40:01

-------------------------------------------------------------------------------
http://downloads.mozdev.org/preferential/versions/preferential-0.8.2.xpi  --  2008-02-11 12:49:56
-------------------------------------------------------------------------------


     Install completed successfully  --  2008-02-11 12:49:57

